Using pre-set license
Built from '2021.3/staging' branch; Version is '2021.3.9f1 (ad3870b89536) revision 11352176'; Using compiler version '192829333'; Build Type 'Release'
OS: 'Windows 10  (10.0.19045) 64bit Education' Language: 'ko' Physical Memory: 16212 MB
BatchMode: 1, IsHumanControllingUs: 0, StartBugReporterOnCrash: 0, Is64bit: 1, IsPro: 1

COMMAND LINE ARGUMENTS:
C:\Program Files\Unity\Hub\Editor\2021.3.9f1\Editor\Unity.exe
-adb2
-batchMode
-noUpm
-name
AssetImportWorker4
-projectPath
C:/Users/WIN/Desktop/GameEn-main/source/2DPlatMicrogame
-logFile
Logs/AssetImportWorker4.log
-srvPort
61860
Successfully changed project path to: C:/Users/WIN/Desktop/GameEn-main/source/2DPlatMicrogame
C:/Users/WIN/Desktop/GameEn-main/source/2DPlatMicrogame
[UnityMemory] Configuration Parameters - Can be set up in boot.config
    "memorysetup-bucket-allocator-granularity=16"
    "memorysetup-bucket-allocator-bucket-count=8"
    "memorysetup-bucket-allocator-block-size=33554432"
    "memorysetup-bucket-allocator-block-count=8"
    "memorysetup-main-allocator-block-size=16777216"
    "memorysetup-thread-allocator-block-size=16777216"
    "memorysetup-gfx-main-allocator-block-size=16777216"
    "memorysetup-gfx-thread-allocator-block-size=16777216"
    "memorysetup-cache-allocator-block-size=4194304"
    "memorysetup-typetree-allocator-block-size=2097152"
    "memorysetup-profiler-bucket-allocator-granularity=16"
    "memorysetup-profiler-bucket-allocator-bucket-count=8"
    "memorysetup-profiler-bucket-allocator-block-size=33554432"
    "memorysetup-profiler-bucket-allocator-block-count=8"
    "memorysetup-profiler-allocator-block-size=16777216"
    "memorysetup-profiler-editor-allocator-block-size=1048576"
    "memorysetup-temp-allocator-size-main=16777216"
    "memorysetup-job-temp-allocator-block-size=2097152"
    "memorysetup-job-temp-allocator-block-size-background=1048576"
    "memorysetup-job-temp-allocator-reduction-small-platforms=262144"
    "memorysetup-temp-allocator-size-background-worker=32768"
    "memorysetup-temp-allocator-size-job-worker=262144"
    "memorysetup-temp-allocator-size-preload-manager=33554432"
    "memorysetup-temp-allocator-size-nav-mesh-worker=65536"
    "memorysetup-temp-allocator-size-audio-worker=65536"
    "memorysetup-temp-allocator-size-cloud-worker=32768"
    "memorysetup-temp-allocator-size-gi-baking-worker=262144"
    "memorysetup-temp-allocator-size-gfx=262144"
Refreshing native plugins compatible for Editor in 114.32 ms, found 3 plugins.
Preloading 0 native plugins for Editor in 0.00 ms.
Initialize engine version: 2021.3.9f1 (ad3870b89536)
[Subsystems] Discovering subsystems at path C:/Program Files/Unity/Hub/Editor/2021.3.9f1/Editor/Data/Resources/UnitySubsystems
[Subsystems] Discovering subsystems at path C:/Users/WIN/Desktop/GameEn-main/source/2DPlatMicrogame/Assets
GfxDevice: creating device client; threaded=0; jobified=0
Direct3D:
    Version:  Direct3D 11.0 [level 11.1]
    Renderer: Intel(R) UHD Graphics 630 (ID=0x9bc5)
    Vendor:   Intel
    VRAM:     8106 MB
    Driver:   31.0.101.1999
Initialize mono
Mono path[0] = 'C:/Program Files/Unity/Hub/Editor/2021.3.9f1/Editor/Data/Managed'
Mono path[1] = 'C:/Program Files/Unity/Hub/Editor/2021.3.9f1/Editor/Data/MonoBleedingEdge/lib/mono/unityjit-win32'
Mono config path = 'C:/Program Files/Unity/Hub/Editor/2021.3.9f1/Editor/Data/MonoBleedingEdge/etc'
Using monoOptions --debugger-agent=transport=dt_socket,embedding=1,server=y,suspend=n,address=127.0.0.1:56412
Begin MonoManager ReloadAssembly
Registering precompiled unity dll's ...
Register platform support module: C:/Program Files/Unity/Hub/Editor/2021.3.9f1/Editor/Data/PlaybackEngines/AndroidPlayer/UnityEditor.Android.Extensions.dll
Register platform support module: C:/Program Files/Unity/Hub/Editor/2021.3.9f1/Editor/Data/PlaybackEngines/iOSSupport/UnityEditor.iOS.Extensions.dll
Register platform support module: C:/Program Files/Unity/Hub/Editor/2021.3.9f1/Editor/Data/PlaybackEngines/WindowsStandaloneSupport/UnityEditor.WindowsStandalone.Extensions.dll
Registered in 0.008976 seconds.
Native extension for WindowsStandalone target not found
[usbmuxd] Start listen thread
[usbmuxd] Listen thread started
Native extension for iOS target not found
Native extension for Android target not found
Refreshing native plugins compatible for Editor in 109.98 ms, found 3 plugins.
Preloading 0 native plugins for Editor in 0.00 ms.
Mono: successfully reloaded assembly
- Completed reload, in  0.910 seconds
Domain Reload Profiling:
	ReloadAssembly (911ms)
		BeginReloadAssembly (118ms)
			ExecutionOrderSort (0ms)
			DisableScriptedObjects (0ms)
			BackupInstance (0ms)
			ReleaseScriptingObjects (0ms)
			CreateAndSetChildDomain (1ms)
		EndReloadAssembly (624ms)
			LoadAssemblies (117ms)
			RebuildTransferFunctionScriptingTraits (0ms)
			SetupTypeCache (215ms)
			ReleaseScriptCaches (0ms)
			RebuildScriptCaches (25ms)
			SetupLoadedEditorAssemblies (323ms)
				LogAssemblyErrors (0ms)
				InitializePlatformSupportModulesInManaged (55ms)
				SetLoadedEditorAssemblies (0ms)
				RefreshPlugins (110ms)
				BeforeProcessingInitializeOnLoad (1ms)
				ProcessInitializeOnLoadAttributes (113ms)
				ProcessInitializeOnLoadMethodAttributes (43ms)
				AfterProcessingInitializeOnLoad (0ms)
				EditorAssembliesLoaded (0ms)
			ExecutionOrderSort2 (0ms)
			AwakeInstancesAfterBackupRestoration (0ms)
Platform modules already initialized, skipping
Registering precompiled user dll's ...
Registered in 0.005725 seconds.
Begin MonoManager ReloadAssembly
Symbol file LoadedFromMemory doesn't match image C:\Users\WIN\Desktop\GameEn-main\source\2DPlatMicrogame\Library\PackageCache\com.unity.visualscripting@1.7.8\Editor\VisualScripting.Core\Dependencies\YamlDotNet\Unity.VisualScripting.YamlDotNet.dll
Symbol file LoadedFromMemory doesn't match image C:\Users\WIN\Desktop\GameEn-main\source\2DPlatMicrogame\Library\PackageCache\com.unity.visualscripting@1.7.8\Editor\VisualScripting.Core\Dependencies\DotNetZip\Unity.VisualScripting.IonicZip.dll
Native extension for WindowsStandalone target not found
Native extension for iOS target not found
Native extension for Android target not found
Refreshing native plugins compatible for Editor in 116.93 ms, found 3 plugins.
Preloading 0 native plugins for Editor in 0.00 ms.
Mono: successfully reloaded assembly
- Completed reload, in  1.683 seconds
Domain Reload Profiling:
	ReloadAssembly (1684ms)
		BeginReloadAssembly (214ms)
			ExecutionOrderSort (0ms)
			DisableScriptedObjects (6ms)
			BackupInstance (0ms)
			ReleaseScriptingObjects (0ms)
			CreateAndSetChildDomain (122ms)
		EndReloadAssembly (1357ms)
			LoadAssemblies (111ms)
			RebuildTransferFunctionScriptingTraits (0ms)
			SetupTypeCache (331ms)
			ReleaseScriptCaches (1ms)
			RebuildScriptCaches (83ms)
			SetupLoadedEditorAssemblies (778ms)
				LogAssemblyErrors (0ms)
				InitializePlatformSupportModulesInManaged (32ms)
				SetLoadedEditorAssemblies (0ms)
				RefreshPlugins (117ms)
				BeforeProcessingInitializeOnLoad (125ms)
				ProcessInitializeOnLoadAttributes (375ms)
				ProcessInitializeOnLoadMethodAttributes (123ms)
				AfterProcessingInitializeOnLoad (6ms)
				EditorAssembliesLoaded (0ms)
			ExecutionOrderSort2 (0ms)
			AwakeInstancesAfterBackupRestoration (6ms)
Platform modules already initialized, skipping
========================================================================
Worker process is ready to serve import requests
Launched and connected shader compiler UnityShaderCompiler.exe after 0.04 seconds
Refreshing native plugins compatible for Editor in 1.02 ms, found 3 plugins.
Preloading 0 native plugins for Editor in 0.00 ms.
Unloading 5532 Unused Serialized files (Serialized files now loaded: 0)
Unloading 50 unused Assets / (0.8 MB). Loaded Objects now: 5978.
Memory consumption went from 219.8 MB to 219.0 MB.
Total: 6.066200 ms (FindLiveObjects: 0.930700 ms CreateObjectMapping: 0.562200 ms MarkObjects: 3.961200 ms  DeleteObjects: 0.611000 ms)

AssetImportParameters requested are different than current active one (requested -> active):
  custom:video-decoder-ogg-theora: a1e56fd34408186e4bbccfd4996cb3dc -> 
  custom:container-muxer-webm: aa71ff27fc2769a1b78a27578f13a17b -> 
  custom:container-demuxer-webm: 4f35f7cbe854078d1ac9338744f61a02 -> 
  custom:video-encoder-webm-vp8: eb34c28f22e8b96e1ab97ce403110664 -> 
  custom:audio-encoder-webm-vorbis: bf7c407c2cedff20999df2af8eb42d56 -> 
  custom:framework-win-MediaFoundation: 216162199b28c13a410421893ffa2e32 -> 
  custom:container-demuxer-ogg: 62fdf1f143b41e24485cea50d1cbac27 -> 
  custom:video-decoder-webm-vp8: 9c59270c3fd7afecdb556c50c9e8de78 -> 
  custom:audio-decoder-ogg-vorbis: bf7c407c2cedff20999df2af8eb42d56 -> 
========================================================================
Received Import Request.
  Time since last request: 2200.692374 seconds.
  path: Assets/Tutorials/AddAnEnemy/WT-Select-Prefab.mov
  artifactKey: Guid(5ac8547c1357e44ef84b3fdfda948b7f) Importer(2089858483,0ecaa5967403d082aa24f35e1b516d23)
Start importing Assets/Tutorials/AddAnEnemy/WT-Select-Prefab.mov using Guid(5ac8547c1357e44ef84b3fdfda948b7f) Importer(2089858483,0ecaa5967403d082aa24f35e1b516d23) Generated GUIDs only implemented for interfaces!
 -> (artifact id: 'c90f6bc7c4a4af65aacb001893e3d080') in 0.488652 seconds 
========================================================================
Received Import Request.
  Time since last request: 0.000020 seconds.
  path: Assets/Tutorials/EditorControls/EditorControls 06-Zoom-Scene.asset
  artifactKey: Guid(a2e36b4c574d748b99f00191d18a7deb) Importer(2089858483,0ecaa5967403d082aa24f35e1b516d23)
Start importing Assets/Tutorials/EditorControls/EditorControls 06-Zoom-Scene.asset using Guid(a2e36b4c574d748b99f00191d18a7deb) Importer(2089858483,0ecaa5967403d082aa24f35e1b516d23) Generated GUIDs only implemented for interfaces!
 -> (artifact id: '364f36d3962986eec9193d0b7994e8b1') in 0.404274 seconds 
========================================================================
Received Import Request.
  Time since last request: 0.000027 seconds.
  path: Assets/Tutorials/EditorControls/WT-Hierarchy-and-Scene.png
  artifactKey: Guid(f3a64c50e0c284cf99bce0ae27d5a8c0) Importer(2089858483,0ecaa5967403d082aa24f35e1b516d23)
Start importing Assets/Tutorials/EditorControls/WT-Hierarchy-and-Scene.png using Guid(f3a64c50e0c284cf99bce0ae27d5a8c0) Importer(2089858483,0ecaa5967403d082aa24f35e1b516d23) Generated GUIDs only implemented for interfaces!
 -> (artifact id: '43e5801fa8a03240f5bcb1d8dc7bbdba') in 0.442187 seconds 
========================================================================
Received Import Request.
  Time since last request: 0.000066 seconds.
  path: Assets/Tutorials/EditorControls/EditorControls 07-Select-Object.asset
  artifactKey: Guid(ed23ec0a283764ccfb7663a95b0e6140) Importer(2089858483,0ecaa5967403d082aa24f35e1b516d23)
Start importing Assets/Tutorials/EditorControls/EditorControls 07-Select-Object.asset using Guid(ed23ec0a283764ccfb7663a95b0e6140) Importer(2089858483,0ecaa5967403d082aa24f35e1b516d23) Generated GUIDs only implemented for interfaces!
 -> (artifact id: '46e896d78fcb652202f9905132898855') in 0.021053 seconds 
========================================================================
Received Import Request.
  Time since last request: 0.000046 seconds.
  path: Assets/Tutorials/EditColors/EditColors 25.asset
  artifactKey: Guid(4d141a4a7bd3240bebb3bdc3fd153a18) Importer(2089858483,0ecaa5967403d082aa24f35e1b516d23)
Start importing Assets/Tutorials/EditColors/EditColors 25.asset using Guid(4d141a4a7bd3240bebb3bdc3fd153a18) Importer(2089858483,0ecaa5967403d082aa24f35e1b516d23) Generated GUIDs only implemented for interfaces!
 -> (artifact id: '5fe3d0242fc6c905830c0ea9769b09a1') in 0.392082 seconds 
========================================================================
Received Import Request.
  Time since last request: 0.000025 seconds.
  path: Assets/Tutorials/EditorControls/WT-Zoom-Scene.png
  artifactKey: Guid(b4c3d69d5484d4953a19fba2433bd73c) Importer(2089858483,0ecaa5967403d082aa24f35e1b516d23)
Start importing Assets/Tutorials/EditorControls/WT-Zoom-Scene.png using Guid(b4c3d69d5484d4953a19fba2433bd73c) Importer(2089858483,0ecaa5967403d082aa24f35e1b516d23) Generated GUIDs only implemented for interfaces!
 -> (artifact id: '9db6b68167454755a39eed80da2928e7') in 0.019536 seconds 
========================================================================
Received Import Request.
  Time since last request: 0.000030 seconds.
  path: Assets/Tutorials/BuildAndPublish/WT-Sign-In.png
  artifactKey: Guid(9a16bbce5eded43a6888104b05ae9bd0) Importer(2089858483,0ecaa5967403d082aa24f35e1b516d23)
Start importing Assets/Tutorials/BuildAndPublish/WT-Sign-In.png using Guid(9a16bbce5eded43a6888104b05ae9bd0) Importer(2089858483,0ecaa5967403d082aa24f35e1b516d23) Generated GUIDs only implemented for interfaces!
 -> (artifact id: '0872be474f851e3677922e28e71ed2ad') in 0.028783 seconds 
========================================================================
Received Import Request.
  Time since last request: 0.000030 seconds.
  path: Assets/Scripts/Mechanics/Health.cs
  artifactKey: Guid(ffad43bb006db4856a9c527b89b48db9) Importer(2089858483,0ecaa5967403d082aa24f35e1b516d23)
Start importing Assets/Scripts/Mechanics/Health.cs using Guid(ffad43bb006db4856a9c527b89b48db9) Importer(2089858483,0ecaa5967403d082aa24f35e1b516d23) Generated GUIDs only implemented for interfaces!
 -> (artifact id: 'cb42cb98b072a3942c857b7457dbdbdc') in 0.022916 seconds 
========================================================================
Received Import Request.
  Time since last request: 0.000022 seconds.
  path: Assets/Character/Sprites/PlayerDeath.png
  artifactKey: Guid(75b38086a902846edbae786183b0274d) Importer(2089858483,0ecaa5967403d082aa24f35e1b516d23)
Start importing Assets/Character/Sprites/PlayerDeath.png using Guid(75b38086a902846edbae786183b0274d) Importer(2089858483,0ecaa5967403d082aa24f35e1b516d23) Generated GUIDs only implemented for interfaces!
 -> (artifact id: '7912e82b5c62d67732591c5339c71c1f') in 0.098515 seconds 
========================================================================
Received Import Request.
  Time since last request: 0.000046 seconds.
  path: Assets/Tutorials/Playtest/Playtest 03-Exit-Play.asset
  artifactKey: Guid(9d8534870475e4fa9b66e42843a86a19) Importer(2089858483,0ecaa5967403d082aa24f35e1b516d23)
Start importing Assets/Tutorials/Playtest/Playtest 03-Exit-Play.asset using Guid(9d8534870475e4fa9b66e42843a86a19) Importer(2089858483,0ecaa5967403d082aa24f35e1b516d23) Generated GUIDs only implemented for interfaces!
 -> (artifact id: '5349fad0c4c97e54d6a9f0add8c62a16') in 0.025923 seconds 
========================================================================
Received Import Request.
  Time since last request: 0.000035 seconds.
  path: Assets/Scripts/Gameplay/PlayerEnemyCollision.cs
  artifactKey: Guid(c8dbdd402c7594d3984ae281ba568775) Importer(2089858483,0ecaa5967403d082aa24f35e1b516d23)
Start importing Assets/Scripts/Gameplay/PlayerEnemyCollision.cs using Guid(c8dbdd402c7594d3984ae281ba568775) Importer(2089858483,0ecaa5967403d082aa24f35e1b516d23) Generated GUIDs only implemented for interfaces!
 -> (artifact id: '7b9d5eaab0a201b3f8a279f3f72746d9') in 0.009926 seconds 
========================================================================
Received Import Request.
  Time since last request: 0.000036 seconds.
  path: Assets/Tutorials/EditColors/WT-Select-Gameobject.mov
  artifactKey: Guid(ccdb89e8d9e544fd385eb6a4c5c2e7ad) Importer(2089858483,0ecaa5967403d082aa24f35e1b516d23)
Start importing Assets/Tutorials/EditColors/WT-Select-Gameobject.mov using Guid(ccdb89e8d9e544fd385eb6a4c5c2e7ad) Importer(2089858483,0ecaa5967403d082aa24f35e1b516d23) Generated GUIDs only implemented for interfaces!
 -> (artifact id: 'c7a3d0ca41414a6e188c09ca936545b1') in 0.012362 seconds 
========================================================================
Received Import Request.
  Time since last request: 0.000045 seconds.
  path: Assets/Character/Sprites/Mr.Alien.png
  artifactKey: Guid(443583d5024ec0b46889a8bed11f2d5d) Importer(2089858483,0ecaa5967403d082aa24f35e1b516d23)
Start importing Assets/Character/Sprites/Mr.Alien.png using Guid(443583d5024ec0b46889a8bed11f2d5d) Importer(2089858483,0ecaa5967403d082aa24f35e1b516d23) Generated GUIDs only implemented for interfaces!
 -> (artifact id: 'f1b5c0c07795e4ae10dc9b6c751862c5') in 0.026028 seconds 
========================================================================
Received Import Request.
  Time since last request: 0.000053 seconds.
  path: Assets/Scripts/Gameplay/PlayerSpawn.cs
  artifactKey: Guid(8fc2f862cb18245199adc2074a7f2b4e) Importer(2089858483,0ecaa5967403d082aa24f35e1b516d23)
Start importing Assets/Scripts/Gameplay/PlayerSpawn.cs using Guid(8fc2f862cb18245199adc2074a7f2b4e) Importer(2089858483,0ecaa5967403d082aa24f35e1b516d23) Generated GUIDs only implemented for interfaces!
 -> (artifact id: 'e866d0512ba38ba42ade9ea45f47e020') in 0.013887 seconds 
========================================================================
Received Import Request.
  Time since last request: 0.000065 seconds.
  path: Assets/Tutorials/BuildAndPublish/WT-Get-Started-Click.mov
  artifactKey: Guid(18934230bcad14b3fb113e46ad744bc1) Importer(2089858483,0ecaa5967403d082aa24f35e1b516d23)
Start importing Assets/Tutorials/BuildAndPublish/WT-Get-Started-Click.mov using Guid(18934230bcad14b3fb113e46ad744bc1) Importer(2089858483,0ecaa5967403d082aa24f35e1b516d23) Generated GUIDs only implemented for interfaces!
 -> (artifact id: '69ae1e41deff47ac8f205733898bb771') in 0.013756 seconds 
========================================================================
Received Import Request.
  Time since last request: 0.000081 seconds.
  path: Assets/Mod Assets/Custom Materials/Additive Red.mat
  artifactKey: Guid(22aa0ea19af7a4c8a9ca5447c6c7447f) Importer(2089858483,0ecaa5967403d082aa24f35e1b516d23)
Start importing Assets/Mod Assets/Custom Materials/Additive Red.mat using Guid(22aa0ea19af7a4c8a9ca5447c6c7447f) Importer(2089858483,0ecaa5967403d082aa24f35e1b516d23) Generated GUIDs only implemented for interfaces!
 -> (artifact id: '7194895a82f69d5f9cc56ab713751f02') in 0.287372 seconds 
========================================================================
Received Import Request.
  Time since last request: 0.000066 seconds.
  path: Assets/Mod Assets/2D Props/Ancient/Obelisk.prefab
  artifactKey: Guid(2ab74df90f3902b43bbc93eedcc7fbe4) Importer(2089858483,0ecaa5967403d082aa24f35e1b516d23)
Start importing Assets/Mod Assets/2D Props/Ancient/Obelisk.prefab using Guid(2ab74df90f3902b43bbc93eedcc7fbe4) Importer(2089858483,0ecaa5967403d082aa24f35e1b516d23) Generated GUIDs only implemented for interfaces!
 -> (artifact id: 'e1f667561657dc7fb3769d30550e40e7') in 0.039713 seconds 
========================================================================
Received Import Request.
  Time since last request: 0.000097 seconds.
  path: Assets/Mod Assets/2D Props/Nature/FlowerBush.prefab
  artifactKey: Guid(41235e2b938a3ea40b02af6e6a8a7d30) Importer(2089858483,0ecaa5967403d082aa24f35e1b516d23)
Start importing Assets/Mod Assets/2D Props/Nature/FlowerBush.prefab using Guid(41235e2b938a3ea40b02af6e6a8a7d30) Importer(2089858483,0ecaa5967403d082aa24f35e1b516d23) Generated GUIDs only implemented for interfaces!
 -> (artifact id: 'e29cfafbd1d2f70928aa88ae576b38d3') in 0.034948 seconds 
========================================================================
Received Import Request.
  Time since last request: 0.000051 seconds.
  path: Assets/Mod Assets/2D Props/Ancient/Pillar.prefab
  artifactKey: Guid(ab5640a546e165146a4f6cfefff2c4d6) Importer(2089858483,0ecaa5967403d082aa24f35e1b516d23)
Start importing Assets/Mod Assets/2D Props/Ancient/Pillar.prefab using Guid(ab5640a546e165146a4f6cfefff2c4d6) Importer(2089858483,0ecaa5967403d082aa24f35e1b516d23) Generated GUIDs only implemented for interfaces!
 -> (artifact id: '225bb53363a5df8e218d17aee709daa2') in 0.023556 seconds 
========================================================================
Received Import Request.
  Time since last request: 0.000037 seconds.
  path: Assets/Mod Assets/2D Props/Food/Donut.prefab
  artifactKey: Guid(b1c254a593a41bd44951a1fd01136f1d) Importer(2089858483,0ecaa5967403d082aa24f35e1b516d23)
Start importing Assets/Mod Assets/2D Props/Food/Donut.prefab using Guid(b1c254a593a41bd44951a1fd01136f1d) Importer(2089858483,0ecaa5967403d082aa24f35e1b516d23) Generated GUIDs only implemented for interfaces!
 -> (artifact id: 'dbd52f51d87086ad10b0c0bb2733f289') in 0.018988 seconds 
========================================================================
Received Import Request.
  Time since last request: 0.000035 seconds.
  path: Assets/Tutorials/Playtest/WT-Hiearchy.png
  artifactKey: Guid(6f72f138bef974fbc9d23c3d07132789) Importer(2089858483,0ecaa5967403d082aa24f35e1b516d23)
Start importing Assets/Tutorials/Playtest/WT-Hiearchy.png using Guid(6f72f138bef974fbc9d23c3d07132789) Importer(2089858483,0ecaa5967403d082aa24f35e1b516d23) Generated GUIDs only implemented for interfaces!
 -> (artifact id: '885dc82abd2df4f370f3b1f7df2e56dd') in 0.026874 seconds 
========================================================================
Received Import Request.
  Time since last request: 0.000041 seconds.
  path: Assets/Mod Assets/Environment Sprites Colored/Gold/fence_yellow.png
  artifactKey: Guid(c3a509627b36e426897fff62e8c1f553) Importer(2089858483,0ecaa5967403d082aa24f35e1b516d23)
Start importing Assets/Mod Assets/Environment Sprites Colored/Gold/fence_yellow.png using Guid(c3a509627b36e426897fff62e8c1f553) Importer(2089858483,0ecaa5967403d082aa24f35e1b516d23) Generated GUIDs only implemented for interfaces!
 -> (artifact id: '0494c7014baee2d69495bbaf79b526eb') in 0.222808 seconds 
========================================================================
Received Import Request.
  Time since last request: 0.000048 seconds.
  path: Assets/Mod Assets/2D Props/Space/Rocket.prefab
  artifactKey: Guid(109d1af4763e51f448968af6bf358b77) Importer(2089858483,0ecaa5967403d082aa24f35e1b516d23)
Start importing Assets/Mod Assets/2D Props/Space/Rocket.prefab using Guid(109d1af4763e51f448968af6bf358b77) Importer(2089858483,0ecaa5967403d082aa24f35e1b516d23) Generated GUIDs only implemented for interfaces!
 -> (artifact id: '9b34fbd77957a31aa637545692c69396') in 0.021274 seconds 
========================================================================
Received Import Request.
  Time since last request: 0.000051 seconds.
  path: Assets/Mod Assets/2D Props/Ancient/Pyramid.prefab
  artifactKey: Guid(3061db19458bc43408efdd099f39ab08) Importer(2089858483,0ecaa5967403d082aa24f35e1b516d23)
Start importing Assets/Mod Assets/2D Props/Ancient/Pyramid.prefab using Guid(3061db19458bc43408efdd099f39ab08) Importer(2089858483,0ecaa5967403d082aa24f35e1b516d23) Generated GUIDs only implemented for interfaces!
 -> (artifact id: '541596ea97bf584b8df32b1e18424c2e') in 0.018170 seconds 
========================================================================
Received Import Request.
  Time since last request: 0.000027 seconds.
  path: Assets/Tutorials/Playtest/WT-Inspector.png
  artifactKey: Guid(3f5f7c775342843a29465f300da3d68c) Importer(2089858483,0ecaa5967403d082aa24f35e1b516d23)
Start importing Assets/Tutorials/Playtest/WT-Inspector.png using Guid(3f5f7c775342843a29465f300da3d68c) Importer(2089858483,0ecaa5967403d082aa24f35e1b516d23) Generated GUIDs only implemented for interfaces!
 -> (artifact id: '3a93359e14bc7800d4793fe8fc3b9462') in 0.039513 seconds 
========================================================================
Received Import Request.
  Time since last request: 0.000053 seconds.
  path: Assets/Mod Assets/2D Props/Billboard Prefabs/BillboardBasic.prefab
  artifactKey: Guid(4091d26b994b6414cab06dc53284e1e9) Importer(2089858483,0ecaa5967403d082aa24f35e1b516d23)
Start importing Assets/Mod Assets/2D Props/Billboard Prefabs/BillboardBasic.prefab using Guid(4091d26b994b6414cab06dc53284e1e9) Importer(2089858483,0ecaa5967403d082aa24f35e1b516d23) Generated GUIDs only implemented for interfaces!
 -> (artifact id: '6aa741f22ff042e7bd4f1499ba4aa084') in 0.027001 seconds 
========================================================================
Received Import Request.
  Time since last request: 0.000024 seconds.
  path: Assets/Tutorials/EditorControls/WT-Project-Window.png
  artifactKey: Guid(ea9d8d0cfa14342e88e692cb7b8a2ed8) Importer(2089858483,0ecaa5967403d082aa24f35e1b516d23)
Start importing Assets/Tutorials/EditorControls/WT-Project-Window.png using Guid(ea9d8d0cfa14342e88e692cb7b8a2ed8) Importer(2089858483,0ecaa5967403d082aa24f35e1b516d23) Generated GUIDs only implemented for interfaces!
 -> (artifact id: '8caa5d3ae9252b266a5906891120c853') in 0.029540 seconds 
========================================================================
Received Import Request.
  Time since last request: 0.000046 seconds.
  path: Assets/Mod Assets/Environment Sprites Colored/Gold/house_yellow.png
  artifactKey: Guid(1b39e21257fc5444e969873386604730) Importer(2089858483,0ecaa5967403d082aa24f35e1b516d23)
Start importing Assets/Mod Assets/Environment Sprites Colored/Gold/house_yellow.png using Guid(1b39e21257fc5444e969873386604730) Importer(2089858483,0ecaa5967403d082aa24f35e1b516d23) Generated GUIDs only implemented for interfaces!
 -> (artifact id: 'a70b95b0463f59ed64d66d3b323afcf6') in 0.165262 seconds 
========================================================================
Received Import Request.
  Time since last request: 0.000032 seconds.
  path: Assets/Mod Assets/Environment Sprites Colored/Magenta/cloud_pink.png
  artifactKey: Guid(f657018234fcb43259e0a2a48254119a) Importer(2089858483,0ecaa5967403d082aa24f35e1b516d23)
Start importing Assets/Mod Assets/Environment Sprites Colored/Magenta/cloud_pink.png using Guid(f657018234fcb43259e0a2a48254119a) Importer(2089858483,0ecaa5967403d082aa24f35e1b516d23) Generated GUIDs only implemented for interfaces!
 -> (artifact id: '9b421896c1e8ca52ea57deb7fb231e0c') in 0.024408 seconds 
========================================================================
Received Import Request.
  Time since last request: 0.000049 seconds.
  path: Assets/Mod Assets/Environment Sprites Colored/Green/midground_green.png
  artifactKey: Guid(1f3f80cd2139042a49e9349f3ecd9d7e) Importer(2089858483,0ecaa5967403d082aa24f35e1b516d23)
Start importing Assets/Mod Assets/Environment Sprites Colored/Green/midground_green.png using Guid(1f3f80cd2139042a49e9349f3ecd9d7e) Importer(2089858483,0ecaa5967403d082aa24f35e1b516d23) Generated GUIDs only implemented for interfaces!
 -> (artifact id: '1821501d29991539a641d61948b7caab') in 0.033016 seconds 
========================================================================
Received Import Request.
  Time since last request: 0.000063 seconds.
  path: Assets/Mod Assets/2D Props/Food/GummyBear.prefab
  artifactKey: Guid(783659ba8cbf76441868ab3e3ad6e1ce) Importer(2089858483,0ecaa5967403d082aa24f35e1b516d23)
Start importing Assets/Mod Assets/2D Props/Food/GummyBear.prefab using Guid(783659ba8cbf76441868ab3e3ad6e1ce) Importer(2089858483,0ecaa5967403d082aa24f35e1b516d23) Generated GUIDs only implemented for interfaces!
 -> (artifact id: '304400f58844710b9bab12e9d7eafefa') in 0.020571 seconds 
========================================================================
Received Import Request.
  Time since last request: 0.000041 seconds.
  path: Assets/Audio/Hurt.wav
  artifactKey: Guid(6c05149e5a2fba64ba172e25a61074b7) Importer(2089858483,0ecaa5967403d082aa24f35e1b516d23)
Start importing Assets/Audio/Hurt.wav using Guid(6c05149e5a2fba64ba172e25a61074b7) Importer(2089858483,0ecaa5967403d082aa24f35e1b516d23) Generated GUIDs only implemented for interfaces!
 -> (artifact id: 'f5ec3d5bf15ea6a63cd3ca37bcd71327') in 0.095895 seconds 
========================================================================
Received Import Request.
  Time since last request: 0.000040 seconds.
  path: Assets/Mod Assets/Trail Prefabs/LongTrail.prefab
  artifactKey: Guid(92a247bf9ecb64679afb9551e73a24f9) Importer(2089858483,0ecaa5967403d082aa24f35e1b516d23)
Start importing Assets/Mod Assets/Trail Prefabs/LongTrail.prefab using Guid(92a247bf9ecb64679afb9551e73a24f9) Importer(2089858483,0ecaa5967403d082aa24f35e1b516d23) Generated GUIDs only implemented for interfaces!
 -> (artifact id: 'cfe28cde08d6b40f6aecff1f47259785') in 0.018615 seconds 
========================================================================
Received Import Request.
  Time since last request: 0.000044 seconds.
  path: Assets/Tutorials/BuildAndPublish/WT-OpenPublisher.png
  artifactKey: Guid(837030d6eaeb92b4aaba503b87f17491) Importer(2089858483,0ecaa5967403d082aa24f35e1b516d23)
Start importing Assets/Tutorials/BuildAndPublish/WT-OpenPublisher.png using Guid(837030d6eaeb92b4aaba503b87f17491) Importer(2089858483,0ecaa5967403d082aa24f35e1b516d23) Generated GUIDs only implemented for interfaces!
 -> (artifact id: '8cbc06d3565b82d3a5bad6df9f860e57') in 0.022971 seconds 
========================================================================
Received Import Request.
  Time since last request: 0.000019 seconds.
  path: Assets/Scripts/UI/MainUIController.cs
  artifactKey: Guid(75fa2f9ea4cb54f34aaac731aabe3733) Importer(2089858483,0ecaa5967403d082aa24f35e1b516d23)
Start importing Assets/Scripts/UI/MainUIController.cs using Guid(75fa2f9ea4cb54f34aaac731aabe3733) Importer(2089858483,0ecaa5967403d082aa24f35e1b516d23) Generated GUIDs only implemented for interfaces!
 -> (artifact id: '32cc4f4af98148d2d0962d69c4650330') in 0.012943 seconds 
========================================================================
Received Import Request.
  Time since last request: 0.000046 seconds.
  path: Assets/Character/Animations/Player.controller
  artifactKey: Guid(b09e60546065cf9448b36ebb7f759a91) Importer(2089858483,0ecaa5967403d082aa24f35e1b516d23)
Start importing Assets/Character/Animations/Player.controller using Guid(b09e60546065cf9448b36ebb7f759a91) Importer(2089858483,0ecaa5967403d082aa24f35e1b516d23) Generated GUIDs only implemented for interfaces!
 -> (artifact id: 'dd198b9edbc25807cc491911b3bef8f8') in 0.032728 seconds 
========================================================================
Received Import Request.
  Time since last request: 0.000066 seconds.
  path: Assets/Mod Assets/Environment Sprites Colored/Magenta/tree_pink.png
  artifactKey: Guid(d20f0f04b3b19434099ae501e4b0e994) Importer(2089858483,0ecaa5967403d082aa24f35e1b516d23)
Start importing Assets/Mod Assets/Environment Sprites Colored/Magenta/tree_pink.png using Guid(d20f0f04b3b19434099ae501e4b0e994) Importer(2089858483,0ecaa5967403d082aa24f35e1b516d23) Generated GUIDs only implemented for interfaces!
 -> (artifact id: 'c49ad913fc3c246e6d90e4df05f4f506') in 0.030987 seconds 
========================================================================
Received Import Request.
  Time since last request: 0.000038 seconds.
  path: Assets/Mod Assets/Environment Sprites Colored/Teal/TileGround_teal.png
  artifactKey: Guid(e06d260a2a755418bb7d79b087db3b9b) Importer(2089858483,0ecaa5967403d082aa24f35e1b516d23)
Start importing Assets/Mod Assets/Environment Sprites Colored/Teal/TileGround_teal.png using Guid(e06d260a2a755418bb7d79b087db3b9b) Importer(2089858483,0ecaa5967403d082aa24f35e1b516d23) Generated GUIDs only implemented for interfaces!
 -> (artifact id: 'dd28d6bbe128fca74c9de62111b688f9') in 0.294755 seconds 
========================================================================
Received Import Request.
  Time since last request: 0.000088 seconds.
  path: Assets/Mod Assets/Environment Sprites Colored/Teal/ShortBuilding_teal.png
  artifactKey: Guid(9bf738880b3f042a09eb9ef0ea86e9b3) Importer(2089858483,0ecaa5967403d082aa24f35e1b516d23)
Start importing Assets/Mod Assets/Environment Sprites Colored/Teal/ShortBuilding_teal.png using Guid(9bf738880b3f042a09eb9ef0ea86e9b3) Importer(2089858483,0ecaa5967403d082aa24f35e1b516d23) Generated GUIDs only implemented for interfaces!
 -> (artifact id: 'ee76c94f49166bd49eaac69365858cfd') in 0.041953 seconds 
========================================================================
Received Import Request.
  Time since last request: 0.000217 seconds.
  path: Assets/Mod Assets/Environment Sprites Colored/Teal/mountains_teal.png
  artifactKey: Guid(f3f3344c27ca54650871a22124869d7b) Importer(2089858483,0ecaa5967403d082aa24f35e1b516d23)
Start importing Assets/Mod Assets/Environment Sprites Colored/Teal/mountains_teal.png using Guid(f3f3344c27ca54650871a22124869d7b) Importer(2089858483,0ecaa5967403d082aa24f35e1b516d23) Generated GUIDs only implemented for interfaces!
 -> (artifact id: '0e5b35161f7efd7eb29d6aafae209fa6') in 0.039074 seconds 
========================================================================
Received Import Request.
  Time since last request: 0.000033 seconds.
  path: Assets/Tutorials/EditorControls/WT-Orbit-Hand-Tool.mov
  artifactKey: Guid(01ce4eaa9face4b46b9bdb9399032dcb) Importer(2089858483,0ecaa5967403d082aa24f35e1b516d23)
Start importing Assets/Tutorials/EditorControls/WT-Orbit-Hand-Tool.mov using Guid(01ce4eaa9face4b46b9bdb9399032dcb) Importer(2089858483,0ecaa5967403d082aa24f35e1b516d23) Generated GUIDs only implemented for interfaces!
 -> (artifact id: 'b0f122b0e8168261e3f613d1a89ffe74') in 0.016546 seconds 
========================================================================
Received Import Request.
  Time since last request: 0.000066 seconds.
  path: Assets/Mod Assets/Mod Resources/Fonts/Raleway-Regular SDF.asset
  artifactKey: Guid(2abf75d6e0d8a4aa6910fae6ee5d638b) Importer(2089858483,0ecaa5967403d082aa24f35e1b516d23)
Start importing Assets/Mod Assets/Mod Resources/Fonts/Raleway-Regular SDF.asset using Guid(2abf75d6e0d8a4aa6910fae6ee5d638b) Importer(2089858483,0ecaa5967403d082aa24f35e1b516d23) Generated GUIDs only implemented for interfaces!
 -> (artifact id: '0c7664eb0b448f051df0f2854d26221b') in 0.099051 seconds 
========================================================================
Received Import Request.
  Time since last request: 0.000039 seconds.
  path: Assets/Mod Assets/Mod Resources/Fonts/ZCOOLKuaiLe-Regular SDF.asset
  artifactKey: Guid(8ebfeea7062344f0c96b8a1d614a92b1) Importer(2089858483,0ecaa5967403d082aa24f35e1b516d23)
Start importing Assets/Mod Assets/Mod Resources/Fonts/ZCOOLKuaiLe-Regular SDF.asset using Guid(8ebfeea7062344f0c96b8a1d614a92b1) Importer(2089858483,0ecaa5967403d082aa24f35e1b516d23) Generated GUIDs only implemented for interfaces!
 -> (artifact id: 'b5975acd0812efe312efb7be37bc9b69') in 0.045072 seconds 
========================================================================
Received Import Request.
  Time since last request: 0.000058 seconds.
  path: Assets/Mod Assets/Environment Sprites Colored/Teal/MidgroundFiller_teal.png
  artifactKey: Guid(46173b271ce904b2384f6269a23f036e) Importer(2089858483,0ecaa5967403d082aa24f35e1b516d23)
Start importing Assets/Mod Assets/Environment Sprites Colored/Teal/MidgroundFiller_teal.png using Guid(46173b271ce904b2384f6269a23f036e) Importer(2089858483,0ecaa5967403d082aa24f35e1b516d23) Generated GUIDs only implemented for interfaces!
 -> (artifact id: 'ed446b71da43fe5041955e2b1eb5d53a') in 0.027489 seconds 
========================================================================
Received Import Request.
  Time since last request: 0.000051 seconds.
  path: Assets/Scripts/Core/HeapQueue.cs
  artifactKey: Guid(f5b75bbf217f7490f9927130f30b446c) Importer(2089858483,0ecaa5967403d082aa24f35e1b516d23)
Start importing Assets/Scripts/Core/HeapQueue.cs using Guid(f5b75bbf217f7490f9927130f30b446c) Importer(2089858483,0ecaa5967403d082aa24f35e1b516d23) Generated GUIDs only implemented for interfaces!
 -> (artifact id: '818b24818b59b2d9bc4b49f2015168b2') in 0.024540 seconds 
========================================================================
Received Import Request.
  Time since last request: 0.000077 seconds.
  path: Assets/Mod Assets/Mod Resources/Fonts/BioRhymeExpanded-Regular SDF.asset
  artifactKey: Guid(2d0aaede2506c4ca0969c32576224028) Importer(2089858483,0ecaa5967403d082aa24f35e1b516d23)
Start importing Assets/Mod Assets/Mod Resources/Fonts/BioRhymeExpanded-Regular SDF.asset using Guid(2d0aaede2506c4ca0969c32576224028) Importer(2089858483,0ecaa5967403d082aa24f35e1b516d23) Generated GUIDs only implemented for interfaces!
 -> (artifact id: '6a4e90e94dced328590f0aa0667b3179') in 0.041416 seconds 
========================================================================
Received Import Request.
  Time since last request: 0.000052 seconds.
  path: Assets/Mod Assets/Environment Sprites Colored/Green/tree_green.png
  artifactKey: Guid(01c42089badae417987a68a7df009dd6) Importer(2089858483,0ecaa5967403d082aa24f35e1b516d23)
Start importing Assets/Mod Assets/Environment Sprites Colored/Green/tree_green.png using Guid(01c42089badae417987a68a7df009dd6) Importer(2089858483,0ecaa5967403d082aa24f35e1b516d23) Generated GUIDs only implemented for interfaces!
 -> (artifact id: '5fb706f2e385343f8af937fe7ad0ea2e') in 0.026625 seconds 
========================================================================
Received Import Request.
  Time since last request: 0.000033 seconds.
  path: Assets/Mod Assets/Environment Sprites Colored/Teal/cloud_teal.png
  artifactKey: Guid(30efd09d063374386920ef39a98be3a5) Importer(2089858483,0ecaa5967403d082aa24f35e1b516d23)
Start importing Assets/Mod Assets/Environment Sprites Colored/Teal/cloud_teal.png using Guid(30efd09d063374386920ef39a98be3a5) Importer(2089858483,0ecaa5967403d082aa24f35e1b516d23) Generated GUIDs only implemented for interfaces!
 -> (artifact id: '6fb1570758efc729310d6dd379b5bd8b') in 0.024180 seconds 
========================================================================
Received Import Request.
  Time since last request: 0.000155 seconds.
  path: Assets/Mod Assets/Mod Resources/Textures/billboard_2D_wide_mask.png
  artifactKey: Guid(d88311d2ea92740ed9e0274f02825ccf) Importer(2089858483,0ecaa5967403d082aa24f35e1b516d23)
Start importing Assets/Mod Assets/Mod Resources/Textures/billboard_2D_wide_mask.png using Guid(d88311d2ea92740ed9e0274f02825ccf) Importer(2089858483,0ecaa5967403d082aa24f35e1b516d23) Generated GUIDs only implemented for interfaces!
 -> (artifact id: 'ea61d7248e052d253cdcb675f2a25875') in 0.051814 seconds 
========================================================================
Received Import Request.
  Time since last request: 0.000030 seconds.
  path: Assets/TextMesh Pro/Resources/Shaders/TMP_SDF-Mobile Overlay.shader
  artifactKey: Guid(a02a7d8c237544f1962732b55a9aebf1) Importer(2089858483,0ecaa5967403d082aa24f35e1b516d23)
Start importing Assets/TextMesh Pro/Resources/Shaders/TMP_SDF-Mobile Overlay.shader using Guid(a02a7d8c237544f1962732b55a9aebf1) Importer(2089858483,0ecaa5967403d082aa24f35e1b516d23) Generated GUIDs only implemented for interfaces!
 -> (artifact id: '989d3840e445befc04e5742bd54e458f') in 0.030743 seconds 
========================================================================
Received Import Request.
  Time since last request: 0.000072 seconds.
  path: Assets/TextMesh Pro/Resources/Shaders/TMP_SDF-Mobile Masking.shader
  artifactKey: Guid(bc1ede39bf3643ee8e493720e4259791) Importer(2089858483,0ecaa5967403d082aa24f35e1b516d23)
Start importing Assets/TextMesh Pro/Resources/Shaders/TMP_SDF-Mobile Masking.shader using Guid(bc1ede39bf3643ee8e493720e4259791) Importer(2089858483,0ecaa5967403d082aa24f35e1b516d23) Generated GUIDs only implemented for interfaces!
 -> (artifact id: 'a5937f92dcc446f7fa614a597fa18d2b') in 0.022838 seconds 
========================================================================
Received Import Request.
  Time since last request: 0.000066 seconds.
  path: Assets/TextMesh Pro/Resources/Shaders/TMP_Bitmap.shader
  artifactKey: Guid(128e987d567d4e2c824d754223b3f3b0) Importer(2089858483,0ecaa5967403d082aa24f35e1b516d23)
Start importing Assets/TextMesh Pro/Resources/Shaders/TMP_Bitmap.shader using Guid(128e987d567d4e2c824d754223b3f3b0) Importer(2089858483,0ecaa5967403d082aa24f35e1b516d23) Generated GUIDs only implemented for interfaces!
 -> (artifact id: 'b00ea5a4fdb68a84b4bf49bb3ddbdc07') in 0.015586 seconds 
========================================================================
Received Import Request.
  Time since last request: 0.000046 seconds.
  path: Assets/Mod Assets/Mod Resources/Scripts/Backend/TemplateEditorDetection.cs
  artifactKey: Guid(7be2a636bd2904cecadaf28665c07333) Importer(2089858483,0ecaa5967403d082aa24f35e1b516d23)
Start importing Assets/Mod Assets/Mod Resources/Scripts/Backend/TemplateEditorDetection.cs using Guid(7be2a636bd2904cecadaf28665c07333) Importer(2089858483,0ecaa5967403d082aa24f35e1b516d23) Generated GUIDs only implemented for interfaces!
 -> (artifact id: 'a27734e0a2bf427e75007ee5f8538db3') in 0.012603 seconds 
========================================================================
Received Import Request.
  Time since last request: 0.000044 seconds.
  path: Assets/TextMesh Pro/Resources/Shaders/TMP_Bitmap-Mobile.shader
  artifactKey: Guid(1e3b057af24249748ff873be7fafee47) Importer(2089858483,0ecaa5967403d082aa24f35e1b516d23)
Start importing Assets/TextMesh Pro/Resources/Shaders/TMP_Bitmap-Mobile.shader using Guid(1e3b057af24249748ff873be7fafee47) Importer(2089858483,0ecaa5967403d082aa24f35e1b516d23) Generated GUIDs only implemented for interfaces!
 -> (artifact id: '84c5be20847c16ea5dfc34ef01208f62') in 0.020985 seconds 
========================================================================
Received Import Request.
  Time since last request: 0.000027 seconds.
  path: Assets/TextMesh Pro/Resources/Fonts & Materials/LiberationSans SDF - Drop Shadow.mat
  artifactKey: Guid(e73a58f6e2794ae7b1b7e50b7fb811b0) Importer(2089858483,0ecaa5967403d082aa24f35e1b516d23)
Start importing Assets/TextMesh Pro/Resources/Fonts & Materials/LiberationSans SDF - Drop Shadow.mat using Guid(e73a58f6e2794ae7b1b7e50b7fb811b0) Importer(2089858483,0ecaa5967403d082aa24f35e1b516d23) Generated GUIDs only implemented for interfaces!
 -> (artifact id: '7c6b346ee79caff97bc2accab83ce5e4') in 0.035209 seconds 
========================================================================
Received Import Request.
  Time since last request: 0.000057 seconds.
  path: Assets/Mod Assets/Mod Resources/Trail Materials/RainbowTrailMaterial.mat
  artifactKey: Guid(711224fcf6d6c40faafe946b2f78b361) Importer(2089858483,0ecaa5967403d082aa24f35e1b516d23)
Start importing Assets/Mod Assets/Mod Resources/Trail Materials/RainbowTrailMaterial.mat using Guid(711224fcf6d6c40faafe946b2f78b361) Importer(2089858483,0ecaa5967403d082aa24f35e1b516d23) Generated GUIDs only implemented for interfaces!
 -> (artifact id: '0bd4f7730b117728d6edeb938dfe8828') in 0.019849 seconds 
========================================================================
Received Import Request.
  Time since last request: 0.000059 seconds.
  path: Assets/Mod Assets/Environment Sprites Colored/Green/ShortBuilding_green.png
  artifactKey: Guid(427dc81beda3140108cf53f168e63838) Importer(2089858483,0ecaa5967403d082aa24f35e1b516d23)
Start importing Assets/Mod Assets/Environment Sprites Colored/Green/ShortBuilding_green.png using Guid(427dc81beda3140108cf53f168e63838) Importer(2089858483,0ecaa5967403d082aa24f35e1b516d23) Generated GUIDs only implemented for interfaces!
 -> (artifact id: '3bbb0e537efdb4c50612d895fccda252') in 0.034534 seconds 
========================================================================
Received Import Request.
  Time since last request: 0.000063 seconds.
  path: Assets/TextMesh Pro/Resources/Shaders/TMP_Sprite.shader
  artifactKey: Guid(cf81c85f95fe47e1a27f6ae460cf182c) Importer(2089858483,0ecaa5967403d082aa24f35e1b516d23)
Start importing Assets/TextMesh Pro/Resources/Shaders/TMP_Sprite.shader using Guid(cf81c85f95fe47e1a27f6ae460cf182c) Importer(2089858483,0ecaa5967403d082aa24f35e1b516d23) Generated GUIDs only implemented for interfaces!
 -> (artifact id: '6e97c19061eed278818aa6783c1b65fd') in 0.017808 seconds 
========================================================================
Received Import Request.
  Time since last request: 0.000095 seconds.
  path: Assets/Tutorials/Playtest/Playtest 10-Done.asset
  artifactKey: Guid(04f3f078480314da88c1a2b875c18b80) Importer(2089858483,0ecaa5967403d082aa24f35e1b516d23)
Start importing Assets/Tutorials/Playtest/Playtest 10-Done.asset using Guid(04f3f078480314da88c1a2b875c18b80) Importer(2089858483,0ecaa5967403d082aa24f35e1b516d23) Generated GUIDs only implemented for interfaces!
 -> (artifact id: 'b39d60babeff4346b640e0c38f03610b') in 0.106307 seconds 
========================================================================
Received Import Request.
  Time since last request: 0.000032 seconds.
  path: Assets/Mod Assets/Mod Resources/Sprites/Props/MoaiHead.png
  artifactKey: Guid(eb49df942a88f114aacb70816588becd) Importer(2089858483,0ecaa5967403d082aa24f35e1b516d23)
Start importing Assets/Mod Assets/Mod Resources/Sprites/Props/MoaiHead.png using Guid(eb49df942a88f114aacb70816588becd) Importer(2089858483,0ecaa5967403d082aa24f35e1b516d23) Generated GUIDs only implemented for interfaces!
 -> (artifact id: '6fda5c5d171737c662ae27c5d2e7a5f6') in 0.033345 seconds 
========================================================================
Received Import Request.
  Time since last request: 0.000091 seconds.
  path: Assets/Mod Assets/Mod Resources/Sprites/Props/Cookie.png
  artifactKey: Guid(12516f4fd32142842a00f2eeb91a05f6) Importer(2089858483,0ecaa5967403d082aa24f35e1b516d23)
Start importing Assets/Mod Assets/Mod Resources/Sprites/Props/Cookie.png using Guid(12516f4fd32142842a00f2eeb91a05f6) Importer(2089858483,0ecaa5967403d082aa24f35e1b516d23) Generated GUIDs only implemented for interfaces!
 -> (artifact id: '518eef77255fec82332c9d0fab58cdc5') in 0.497455 seconds 
========================================================================
Received Import Request.
  Time since last request: 0.000078 seconds.
  path: Assets/Mod Assets/Mod Resources/Sprites/Props/Rocket.png
  artifactKey: Guid(f4a67fd4900458c42b8dba14da44d6ba) Importer(2089858483,0ecaa5967403d082aa24f35e1b516d23)
Start importing Assets/Mod Assets/Mod Resources/Sprites/Props/Rocket.png using Guid(f4a67fd4900458c42b8dba14da44d6ba) Importer(2089858483,0ecaa5967403d082aa24f35e1b516d23) Generated GUIDs only implemented for interfaces!
 -> (artifact id: '6ea983bcb4ebe825957927a79d4160ba') in 0.028402 seconds 
========================================================================
Received Import Request.
  Time since last request: 0.000290 seconds.
  path: Assets/Mod Assets/Mod Resources/Sprites/Props/TreeStump.png
  artifactKey: Guid(69d5ea843a508084da59cd51bf547463) Importer(2089858483,0ecaa5967403d082aa24f35e1b516d23)
Start importing Assets/Mod Assets/Mod Resources/Sprites/Props/TreeStump.png using Guid(69d5ea843a508084da59cd51bf547463) Importer(2089858483,0ecaa5967403d082aa24f35e1b516d23) Generated GUIDs only implemented for interfaces!
 -> (artifact id: '14eda41e3565cbc4786b0d1b5cb8a46a') in 0.023882 seconds 
========================================================================
Received Import Request.
  Time since last request: 0.000058 seconds.
  path: Assets/Mod Assets/Environment Sprites Colored/Gold/cloud_yellow.png
  artifactKey: Guid(2dd0df57bd14741b5a32f78ba307976a) Importer(2089858483,0ecaa5967403d082aa24f35e1b516d23)
Start importing Assets/Mod Assets/Environment Sprites Colored/Gold/cloud_yellow.png using Guid(2dd0df57bd14741b5a32f78ba307976a) Importer(2089858483,0ecaa5967403d082aa24f35e1b516d23) Generated GUIDs only implemented for interfaces!
 -> (artifact id: '860303f23cbaad33250b1ab3d8a2e3ab') in 0.256556 seconds 
========================================================================
Received Import Request.
  Time since last request: 0.000033 seconds.
  path: Assets/Mod Assets/Mod Resources/Sprites/Props/FirTree.png
  artifactKey: Guid(2570439c15d6200449de9cfa036c3de4) Importer(2089858483,0ecaa5967403d082aa24f35e1b516d23)
Start importing Assets/Mod Assets/Mod Resources/Sprites/Props/FirTree.png using Guid(2570439c15d6200449de9cfa036c3de4) Importer(2089858483,0ecaa5967403d082aa24f35e1b516d23) Generated GUIDs only implemented for interfaces!
 -> (artifact id: '3d81715afefaebcaf9dd68d44ac2d820') in 0.027112 seconds 
========================================================================
Received Import Request.
  Time since last request: 0.000039 seconds.
  path: Assets/Mod Assets/Environment Sprites Colored/Teal/TallBuilding_teal.png
  artifactKey: Guid(cfbc4e56d638b4182bf75efff83d0626) Importer(2089858483,0ecaa5967403d082aa24f35e1b516d23)
Start importing Assets/Mod Assets/Environment Sprites Colored/Teal/TallBuilding_teal.png using Guid(cfbc4e56d638b4182bf75efff83d0626) Importer(2089858483,0ecaa5967403d082aa24f35e1b516d23) Generated GUIDs only implemented for interfaces!
 -> (artifact id: '340e75a6413bd967bda6fbad51102832') in 0.032741 seconds 
========================================================================
Received Import Request.
  Time since last request: 0.000041 seconds.
  path: Assets/TextMesh Pro/Resources/Sprite Assets/EmojiOne.asset
  artifactKey: Guid(c41005c129ba4d66911b75229fd70b45) Importer(2089858483,0ecaa5967403d082aa24f35e1b516d23)
Start importing Assets/TextMesh Pro/Resources/Sprite Assets/EmojiOne.asset using Guid(c41005c129ba4d66911b75229fd70b45) Importer(2089858483,0ecaa5967403d082aa24f35e1b516d23) Generated GUIDs only implemented for interfaces!
 -> (artifact id: '6cb73c8d499215605f1a39969902eaf2') in 0.614116 seconds 
========================================================================
Received Import Request.
  Time since last request: 0.000025 seconds.
  path: Assets/Prefabs/Enemy.prefab
  artifactKey: Guid(f158aa2be3df6489185ef721f6fd79c1) Importer(2089858483,0ecaa5967403d082aa24f35e1b516d23)
Start importing Assets/Prefabs/Enemy.prefab using Guid(f158aa2be3df6489185ef721f6fd79c1) Importer(2089858483,0ecaa5967403d082aa24f35e1b516d23) Generated GUIDs only implemented for interfaces!
 -> (artifact id: '60f1c3b0fee961f235247689305f90e1') in 0.044888 seconds 
========================================================================
Received Import Request.
  Time since last request: 0.000061 seconds.
  path: Assets/Tutorials/EditColors/WT-Change-Color.mov
  artifactKey: Guid(fbc1259bdf8db429a911dc146b3bd2d5) Importer(2089858483,0ecaa5967403d082aa24f35e1b516d23)
Start importing Assets/Tutorials/EditColors/WT-Change-Color.mov using Guid(fbc1259bdf8db429a911dc146b3bd2d5) Importer(2089858483,0ecaa5967403d082aa24f35e1b516d23) Generated GUIDs only implemented for interfaces!
 -> (artifact id: '65948330d761457af5df34d150e24a43') in 0.024754 seconds 
========================================================================
Received Import Request.
  Time since last request: 0.000033 seconds.
  path: Assets/Mod Assets/Environment Sprites Colored/Green/fence_green.png
  artifactKey: Guid(0feaea75575634319bbb7906ba4f6fb2) Importer(2089858483,0ecaa5967403d082aa24f35e1b516d23)
Start importing Assets/Mod Assets/Environment Sprites Colored/Green/fence_green.png using Guid(0feaea75575634319bbb7906ba4f6fb2) Importer(2089858483,0ecaa5967403d082aa24f35e1b516d23) Generated GUIDs only implemented for interfaces!
 -> (artifact id: 'b1896b8755fe1a48836fcae4aef1b3dd') in 0.027463 seconds 
========================================================================
Received Import Request.
  Time since last request: 0.000070 seconds.
  path: Assets/Tutorials/BuildAndPublish/BuildAndPublish 015.asset
  artifactKey: Guid(daafa2d048ca372498d84eb1ff8a9a31) Importer(2089858483,0ecaa5967403d082aa24f35e1b516d23)
Start importing Assets/Tutorials/BuildAndPublish/BuildAndPublish 015.asset using Guid(daafa2d048ca372498d84eb1ff8a9a31) Importer(2089858483,0ecaa5967403d082aa24f35e1b516d23) Generated GUIDs only implemented for interfaces!
 -> (artifact id: '7ec21bd5df6c8a4f0b830f91c62b6c6d') in 0.018775 seconds 
========================================================================
Received Import Request.
  Time since last request: 0.000064 seconds.
  path: Assets/Character/Sprites/EnemyIdle.png
  artifactKey: Guid(fe68c6e1242e94a9eab222e1f49440ff) Importer(2089858483,0ecaa5967403d082aa24f35e1b516d23)
Start importing Assets/Character/Sprites/EnemyIdle.png using Guid(fe68c6e1242e94a9eab222e1f49440ff) Importer(2089858483,0ecaa5967403d082aa24f35e1b516d23) Generated GUIDs only implemented for interfaces!
 -> (artifact id: 'a2412c4e155affa538798edcbd0652e9') in 0.259277 seconds 
========================================================================
Received Import Request.
  Time since last request: 0.000057 seconds.
  path: Assets/Mod Assets/Particle Prefabs/ConfettiCelebration.prefab
  artifactKey: Guid(087ff866c6a14f841a4a77a4168eecc5) Importer(2089858483,0ecaa5967403d082aa24f35e1b516d23)
Start importing Assets/Mod Assets/Particle Prefabs/ConfettiCelebration.prefab using Guid(087ff866c6a14f841a4a77a4168eecc5) Importer(2089858483,0ecaa5967403d082aa24f35e1b516d23) Generated GUIDs only implemented for interfaces!
 -> (artifact id: 'db1d11f1a23b016858caab177cef77da') in 0.110102 seconds 
========================================================================
Received Prepare
Refreshing native plugins compatible for Editor in 5.39 ms, found 3 plugins.
Preloading 0 native plugins for Editor in 0.00 ms.
Unloading 31 Unused Serialized files (Serialized files now loaded: 0)
Unloading 31 unused Assets / (0.7 MB). Loaded Objects now: 5979.
Memory consumption went from 103.8 MB to 103.1 MB.
Total: 11.947800 ms (FindLiveObjects: 1.262500 ms CreateObjectMapping: 1.627100 ms MarkObjects: 8.019100 ms  DeleteObjects: 1.037000 ms)

AssetImportParameters requested are different than current active one (requested -> active):
  custom:video-decoder-ogg-theora: a1e56fd34408186e4bbccfd4996cb3dc -> 
  custom:container-muxer-webm: aa71ff27fc2769a1b78a27578f13a17b -> 
  custom:container-demuxer-webm: 4f35f7cbe854078d1ac9338744f61a02 -> 
  custom:video-encoder-webm-vp8: eb34c28f22e8b96e1ab97ce403110664 -> 
  custom:audio-encoder-webm-vorbis: bf7c407c2cedff20999df2af8eb42d56 -> 
  custom:framework-win-MediaFoundation: 216162199b28c13a410421893ffa2e32 -> 
  custom:SearchIndexIgnoredProperties: e643bd26f0fe6173181afceb89e7c659 -> 
  custom:container-demuxer-ogg: 62fdf1f143b41e24485cea50d1cbac27 -> 
  custom:video-decoder-webm-vp8: 9c59270c3fd7afecdb556c50c9e8de78 -> 
  custom:audio-decoder-ogg-vorbis: bf7c407c2cedff20999df2af8eb42d56 -> 
========================================================================
Received Prepare
Registering precompiled user dll's ...
Registered in 0.005413 seconds.
Begin MonoManager ReloadAssembly
Symbol file LoadedFromMemory doesn't match image C:\Users\WIN\Desktop\GameEn-main\source\2DPlatMicrogame\Library\PackageCache\com.unity.visualscripting@1.7.8\Editor\VisualScripting.Core\Dependencies\YamlDotNet\Unity.VisualScripting.YamlDotNet.dll
Symbol file LoadedFromMemory doesn't match image C:\Users\WIN\Desktop\GameEn-main\source\2DPlatMicrogame\Library\PackageCache\com.unity.visualscripting@1.7.8\Editor\VisualScripting.Core\Dependencies\DotNetZip\Unity.VisualScripting.IonicZip.dll
Native extension for WindowsStandalone target not found
Native extension for iOS target not found
Native extension for Android target not found
Refreshing native plugins compatible for Editor in 1.03 ms, found 3 plugins.
Preloading 0 native plugins for Editor in 0.00 ms.
Mono: successfully reloaded assembly
- Completed reload, in  1.742 seconds
Domain Reload Profiling:
	ReloadAssembly (1744ms)
		BeginReloadAssembly (167ms)
			ExecutionOrderSort (0ms)
			DisableScriptedObjects (4ms)
			BackupInstance (0ms)
			ReleaseScriptingObjects (0ms)
			CreateAndSetChildDomain (87ms)
		EndReloadAssembly (1486ms)
			LoadAssemblies (102ms)
			RebuildTransferFunctionScriptingTraits (0ms)
			SetupTypeCache (341ms)
			ReleaseScriptCaches (2ms)
			RebuildScriptCaches (46ms)
			SetupLoadedEditorAssemblies (903ms)
				LogAssemblyErrors (0ms)
				InitializePlatformSupportModulesInManaged (27ms)
				SetLoadedEditorAssemblies (0ms)
				RefreshPlugins (1ms)
				BeforeProcessingInitializeOnLoad (94ms)
				ProcessInitializeOnLoadAttributes (521ms)
				ProcessInitializeOnLoadMethodAttributes (255ms)
				AfterProcessingInitializeOnLoad (5ms)
				EditorAssembliesLoaded (0ms)
			ExecutionOrderSort2 (0ms)
			AwakeInstancesAfterBackupRestoration (22ms)
Platform modules already initialized, skipping
Refreshing native plugins compatible for Editor in 2.74 ms, found 3 plugins.
Preloading 0 native plugins for Editor in 0.00 ms.
Unloading 5396 Unused Serialized files (Serialized files now loaded: 0)
Unloading 31 unused Assets / (0.7 MB). Loaded Objects now: 5994.
Memory consumption went from 211.9 MB to 211.2 MB.
Total: 21.982300 ms (FindLiveObjects: 4.048300 ms CreateObjectMapping: 3.181300 ms MarkObjects: 10.979200 ms  DeleteObjects: 3.767700 ms)

AssetImportParameters requested are different than current active one (requested -> active):
  custom:video-decoder-ogg-theora: a1e56fd34408186e4bbccfd4996cb3dc -> 
  custom:container-muxer-webm: aa71ff27fc2769a1b78a27578f13a17b -> 
  custom:container-demuxer-webm: 4f35f7cbe854078d1ac9338744f61a02 -> 
  custom:video-encoder-webm-vp8: eb34c28f22e8b96e1ab97ce403110664 -> 
  custom:audio-encoder-webm-vorbis: bf7c407c2cedff20999df2af8eb42d56 -> 
  custom:framework-win-MediaFoundation: 216162199b28c13a410421893ffa2e32 -> 
  custom:SearchIndexIgnoredProperties: e643bd26f0fe6173181afceb89e7c659 -> 
  custom:container-demuxer-ogg: 62fdf1f143b41e24485cea50d1cbac27 -> 
  custom:video-decoder-webm-vp8: 9c59270c3fd7afecdb556c50c9e8de78 -> 
  custom:audio-decoder-ogg-vorbis: bf7c407c2cedff20999df2af8eb42d56 -> 
========================================================================
Received Prepare
Registering precompiled user dll's ...
Registered in 0.004606 seconds.
Begin MonoManager ReloadAssembly
Symbol file LoadedFromMemory doesn't match image C:\Users\WIN\Desktop\GameEn-main\source\2DPlatMicrogame\Library\PackageCache\com.unity.visualscripting@1.7.8\Editor\VisualScripting.Core\Dependencies\YamlDotNet\Unity.VisualScripting.YamlDotNet.dll
Symbol file LoadedFromMemory doesn't match image C:\Users\WIN\Desktop\GameEn-main\source\2DPlatMicrogame\Library\PackageCache\com.unity.visualscripting@1.7.8\Editor\VisualScripting.Core\Dependencies\DotNetZip\Unity.VisualScripting.IonicZip.dll
Native extension for WindowsStandalone target not found
Native extension for iOS target not found
Native extension for Android target not found
Refreshing native plugins compatible for Editor in 3.64 ms, found 3 plugins.
Preloading 0 native plugins for Editor in 0.00 ms.
Mono: successfully reloaded assembly
- Completed reload, in  1.631 seconds
Domain Reload Profiling:
	ReloadAssembly (1632ms)
		BeginReloadAssembly (122ms)
			ExecutionOrderSort (0ms)
			DisableScriptedObjects (4ms)
			BackupInstance (0ms)
			ReleaseScriptingObjects (0ms)
			CreateAndSetChildDomain (40ms)
		EndReloadAssembly (1408ms)
			LoadAssemblies (79ms)
			RebuildTransferFunctionScriptingTraits (0ms)
			SetupTypeCache (276ms)
			ReleaseScriptCaches (4ms)
			RebuildScriptCaches (56ms)
			SetupLoadedEditorAssemblies (883ms)
				LogAssemblyErrors (0ms)
				InitializePlatformSupportModulesInManaged (41ms)
				SetLoadedEditorAssemblies (1ms)
				RefreshPlugins (4ms)
				BeforeProcessingInitializeOnLoad (111ms)
				ProcessInitializeOnLoadAttributes (527ms)
				ProcessInitializeOnLoadMethodAttributes (190ms)
				AfterProcessingInitializeOnLoad (9ms)
				EditorAssembliesLoaded (0ms)
			ExecutionOrderSort2 (0ms)
			AwakeInstancesAfterBackupRestoration (20ms)
Platform modules already initialized, skipping
Refreshing native plugins compatible for Editor in 9.92 ms, found 3 plugins.
Preloading 0 native plugins for Editor in 0.00 ms.
Unloading 5396 Unused Serialized files (Serialized files now loaded: 0)
Unloading 31 unused Assets / (0.7 MB). Loaded Objects now: 6009.
Memory consumption went from 212.0 MB to 211.2 MB.
Total: 13.253500 ms (FindLiveObjects: 0.580500 ms CreateObjectMapping: 0.498500 ms MarkObjects: 11.423100 ms  DeleteObjects: 0.747500 ms)

AssetImportParameters requested are different than current active one (requested -> active):
  custom:video-decoder-ogg-theora: a1e56fd34408186e4bbccfd4996cb3dc -> 
  custom:container-muxer-webm: aa71ff27fc2769a1b78a27578f13a17b -> 
  custom:container-demuxer-webm: 4f35f7cbe854078d1ac9338744f61a02 -> 
  custom:video-encoder-webm-vp8: eb34c28f22e8b96e1ab97ce403110664 -> 
  custom:audio-encoder-webm-vorbis: bf7c407c2cedff20999df2af8eb42d56 -> 
  custom:framework-win-MediaFoundation: 216162199b28c13a410421893ffa2e32 -> 
  custom:SearchIndexIgnoredProperties: e643bd26f0fe6173181afceb89e7c659 -> 
  custom:container-demuxer-ogg: 62fdf1f143b41e24485cea50d1cbac27 -> 
  custom:video-decoder-webm-vp8: 9c59270c3fd7afecdb556c50c9e8de78 -> 
  custom:audio-decoder-ogg-vorbis: bf7c407c2cedff20999df2af8eb42d56 -> 
========================================================================
Received Prepare
Registering precompiled user dll's ...
Registered in 0.004353 seconds.
Begin MonoManager ReloadAssembly
Symbol file LoadedFromMemory doesn't match image C:\Users\WIN\Desktop\GameEn-main\source\2DPlatMicrogame\Library\PackageCache\com.unity.visualscripting@1.7.8\Editor\VisualScripting.Core\Dependencies\YamlDotNet\Unity.VisualScripting.YamlDotNet.dll
Symbol file LoadedFromMemory doesn't match image C:\Users\WIN\Desktop\GameEn-main\source\2DPlatMicrogame\Library\PackageCache\com.unity.visualscripting@1.7.8\Editor\VisualScripting.Core\Dependencies\DotNetZip\Unity.VisualScripting.IonicZip.dll
Native extension for WindowsStandalone target not found
Native extension for iOS target not found
Native extension for Android target not found
Refreshing native plugins compatible for Editor in 1.02 ms, found 3 plugins.
Preloading 0 native plugins for Editor in 0.00 ms.
Mono: successfully reloaded assembly
- Completed reload, in  1.581 seconds
Domain Reload Profiling:
	ReloadAssembly (1583ms)
		BeginReloadAssembly (113ms)
			ExecutionOrderSort (0ms)
			DisableScriptedObjects (4ms)
			BackupInstance (0ms)
			ReleaseScriptingObjects (0ms)
			CreateAndSetChildDomain (37ms)
		EndReloadAssembly (1389ms)
			LoadAssemblies (75ms)
			RebuildTransferFunctionScriptingTraits (0ms)
			SetupTypeCache (276ms)
			ReleaseScriptCaches (2ms)
			RebuildScriptCaches (59ms)
			SetupLoadedEditorAssemblies (852ms)
				LogAssemblyErrors (0ms)
				InitializePlatformSupportModulesInManaged (39ms)
				SetLoadedEditorAssemblies (0ms)
				RefreshPlugins (1ms)
				BeforeProcessingInitializeOnLoad (97ms)
				ProcessInitializeOnLoadAttributes (489ms)
				ProcessInitializeOnLoadMethodAttributes (216ms)
				AfterProcessingInitializeOnLoad (8ms)
				EditorAssembliesLoaded (1ms)
			ExecutionOrderSort2 (0ms)
			AwakeInstancesAfterBackupRestoration (27ms)
Platform modules already initialized, skipping
Refreshing native plugins compatible for Editor in 6.18 ms, found 3 plugins.
Preloading 0 native plugins for Editor in 0.00 ms.
Unloading 5396 Unused Serialized files (Serialized files now loaded: 0)
Unloading 31 unused Assets / (0.7 MB). Loaded Objects now: 6024.
Memory consumption went from 212.0 MB to 211.3 MB.
Total: 15.052300 ms (FindLiveObjects: 1.994000 ms CreateObjectMapping: 2.305500 ms MarkObjects: 8.304600 ms  DeleteObjects: 2.446800 ms)

AssetImportParameters requested are different than current active one (requested -> active):
  custom:video-decoder-ogg-theora: a1e56fd34408186e4bbccfd4996cb3dc -> 
  custom:container-muxer-webm: aa71ff27fc2769a1b78a27578f13a17b -> 
  custom:container-demuxer-webm: 4f35f7cbe854078d1ac9338744f61a02 -> 
  custom:video-encoder-webm-vp8: eb34c28f22e8b96e1ab97ce403110664 -> 
  custom:audio-encoder-webm-vorbis: bf7c407c2cedff20999df2af8eb42d56 -> 
  custom:framework-win-MediaFoundation: 216162199b28c13a410421893ffa2e32 -> 
  custom:SearchIndexIgnoredProperties: e643bd26f0fe6173181afceb89e7c659 -> 
  custom:container-demuxer-ogg: 62fdf1f143b41e24485cea50d1cbac27 -> 
  custom:video-decoder-webm-vp8: 9c59270c3fd7afecdb556c50c9e8de78 -> 
  custom:audio-decoder-ogg-vorbis: bf7c407c2cedff20999df2af8eb42d56 -> 
